<?xml version="1.0" encoding="UTF-8"?>
<!-- Generated by org.testng.reporters.JUnitXMLReporter -->
<testsuite hostname="DESKTOP-M0UH53U" ignored="1" name="Login - Mutual Fund" tests="2" failures="0" timestamp="2023-01-22T10:22:18 IST" time="23.532" errors="0">
  <testcase name="loginAdminTest" time="3.242" classname="com.itview.testng.LoginTestCase_MutualFund"/>
  <testcase name="loginInvalidUser" time="1.16" classname="com.itview.testng.LoginTestCase_MutualFund"/>
  <testcase name="loginTuserTest" time="0.0" classname="com.itview.testng.LoginTestCase_MutualFund">
    <ignored/>
  </testcase> <!-- loginTuserTest -->
</testsuite> <!-- Login - Mutual Fund -->
