<?xml version="1.0" encoding="UTF-8"?>
<!-- Generated by org.testng.reporters.JUnitXMLReporter -->
<testsuite hostname="DESKTOP-M0UH53U" ignored="0" name="Login - Mutual Fund" tests="5" failures="0" timestamp="2022-12-17T12:46:50 IST" time="31.335" errors="0">
  <testcase name="loginAdminTest" time="5.433" classname="com.itview.testng.LoginTestCase_MutualFund"/>
  <testcase name="loginTuserTest" time="2.036" classname="com.itview.testng.LoginTestCase_MutualFund"/>
  <testcase name="loginTuserTest" time="1.681" classname="com.itview.testng.LoginTestCase_MutualFund"/>
  <testcase name="loginTuserTest" time="1.673" classname="com.itview.testng.LoginTestCase_MutualFund"/>
  <testcase name="loginInvalidUser" time="1.128" classname="com.itview.testng.LoginTestCase_MutualFund"/>
</testsuite> <!-- Login - Mutual Fund -->
