<?xml version="1.0" encoding="UTF-8"?>
<!-- Generated by org.testng.reporters.JUnitXMLReporter -->
<testsuite hostname="DESKTOP-M0UH53U" ignored="0" name="Login - Mutual Fund" tests="3" failures="0" timestamp="2023-01-22T11:29:50 IST" time="11.26" errors="0">
  <testcase name="loginAdminTest" time="3.966" classname="com.itview.testng.LoginTestCase_MutualFund"/>
  <testcase name="loginTuserTest" time="2.314" classname="com.itview.testng.LoginTestCase_MutualFund"/>
  <testcase name="loginInvalidUser" time="1.351" classname="com.itview.testng.LoginTestCase_MutualFund"/>
</testsuite> <!-- Login - Mutual Fund -->
