<?xml version="1.0" encoding="UTF-8"?>
<testng-results skipped="0" failed="0" ignored="0" total="4" passed="4">
  <reporter-output>
  </reporter-output>
  <suite name="Login_Suite" duration-ms="27122" started-at="2023-01-22T11:29:39 IST" finished-at="2023-01-22T11:30:06 IST">
    <groups>
      <group name="LoginModule">
        <method signature="LoginTestCase_MutualFund.loginAdminTest()[pri:0, instance:com.itview.testng.LoginTestCase_MutualFund@17579e0f]" name="loginAdminTest" class="com.itview.testng.LoginTestCase_MutualFund"/>
        <method signature="LoginTestCase_MutualFund.loginInvalidUser()[pri:2, instance:com.itview.testng.LoginTestCase_MutualFund@17579e0f]" name="loginInvalidUser" class="com.itview.testng.LoginTestCase_MutualFund"/>
        <method signature="LoginTestCase_MutualFund.loginTuserTest()[pri:1, instance:com.itview.testng.LoginTestCase_MutualFund@17579e0f]" name="loginTuserTest" class="com.itview.testng.LoginTestCase_MutualFund"/>
      </group> <!-- LoginModule -->
    </groups>
    <test name="Login - Mutual Fund" duration-ms="11260" started-at="2023-01-22T11:29:39 IST" finished-at="2023-01-22T11:29:50 IST">
      <class name="com.itview.testng.LoginTestCase_MutualFund">
        <test-method status="PASS" signature="preCondition_MutualFund()[pri:0, instance:com.itview.testng.LoginTestCase_MutualFund@17579e0f]" name="preCondition_MutualFund" is-config="true" duration-ms="3462" started-at="2023-01-22T11:29:39 IST" finished-at="2023-01-22T11:29:43 IST">
          <reporter-output>
          </reporter-output>
        </test-method> <!-- preCondition_MutualFund -->
        <test-method status="PASS" signature="loginAdminTest()[pri:0, instance:com.itview.testng.LoginTestCase_MutualFund@17579e0f]" name="loginAdminTest" duration-ms="3966" started-at="2023-01-22T11:29:43 IST" description="Test Case to verify login using &#039;Admin&#039; user" finished-at="2023-01-22T11:29:47 IST">
          <reporter-output>
          </reporter-output>
        </test-method> <!-- loginAdminTest -->
        <test-method status="PASS" signature="loginTuserTest()[pri:1, instance:com.itview.testng.LoginTestCase_MutualFund@17579e0f]" name="loginTuserTest" duration-ms="2314" started-at="2023-01-22T11:29:47 IST" description="Test Case to verify login using &#039;TestUser&#039; user" depends-on-methods="com.itview.testng.LoginTestCase_MutualFund.loginAdminTest" finished-at="2023-01-22T11:29:49 IST">
          <reporter-output>
          </reporter-output>
        </test-method> <!-- loginTuserTest -->
        <test-method status="PASS" signature="loginInvalidUser()[pri:2, instance:com.itview.testng.LoginTestCase_MutualFund@17579e0f]" name="loginInvalidUser" duration-ms="1351" started-at="2023-01-22T11:29:49 IST" description="Test Case to verify login using &#039;Invalid&#039; user" depends-on-methods="com.itview.testng.LoginTestCase_MutualFund.loginAdminTest" finished-at="2023-01-22T11:29:50 IST">
          <reporter-output>
          </reporter-output>
        </test-method> <!-- loginInvalidUser -->
        <test-method status="PASS" signature="postCondition_MutualFund()[pri:0, instance:com.itview.testng.LoginTestCase_MutualFund@17579e0f]" name="postCondition_MutualFund" is-config="true" duration-ms="136" started-at="2023-01-22T11:29:50 IST" finished-at="2023-01-22T11:29:50 IST">
          <reporter-output>
          </reporter-output>
        </test-method> <!-- postCondition_MutualFund -->
      </class> <!-- com.itview.testng.LoginTestCase_MutualFund -->
    </test> <!-- Login - Mutual Fund -->
    <test name="Login - OrangeHRM" duration-ms="15840" started-at="2023-01-22T11:29:50 IST" finished-at="2023-01-22T11:30:06 IST">
      <class name="com.itview.testng.LoginTestCase_OrangeHRM">
        <test-method status="PASS" signature="preCondition_OrangeHRM()[pri:0, instance:com.itview.testng.LoginTestCase_OrangeHRM@1a8a8f7c]" name="preCondition_OrangeHRM" is-config="true" duration-ms="1480" started-at="2023-01-22T11:29:50 IST" finished-at="2023-01-22T11:29:52 IST">
          <reporter-output>
          </reporter-output>
        </test-method> <!-- preCondition_OrangeHRM -->
        <test-method status="PASS" signature="loginTest()[pri:0, instance:com.itview.testng.LoginTestCase_OrangeHRM@1a8a8f7c]" name="loginTest" duration-ms="14175" started-at="2023-01-22T11:29:52 IST" description="Test case to verify login functionality" finished-at="2023-01-22T11:30:06 IST">
          <reporter-output>
          </reporter-output>
        </test-method> <!-- loginTest -->
        <test-method status="PASS" signature="postCondition_OrangeHRM()[pri:0, instance:com.itview.testng.LoginTestCase_OrangeHRM@1a8a8f7c]" name="postCondition_OrangeHRM" is-config="true" duration-ms="184" started-at="2023-01-22T11:30:06 IST" finished-at="2023-01-22T11:30:06 IST">
          <reporter-output>
          </reporter-output>
        </test-method> <!-- postCondition_OrangeHRM -->
      </class> <!-- com.itview.testng.LoginTestCase_OrangeHRM -->
    </test> <!-- Login - OrangeHRM -->
  </suite> <!-- Login_Suite -->
</testng-results>
