<?xml version="1.0" encoding="UTF-8"?>
<testng-results skipped="0" failed="0" ignored="0" total="1" passed="1">
  <reporter-output>
  </reporter-output>
  <suite name="Default suite" duration-ms="67638" started-at="2023-01-15T09:45:58 IST" finished-at="2023-01-15T09:47:06 IST">
    <groups>
    </groups>
    <test name="Default test" duration-ms="67638" started-at="2023-01-15T09:45:58 IST" finished-at="2023-01-15T09:47:06 IST">
      <class name="com.itview.datadriven.DataDrivenTest">
        <test-method status="PASS" signature="beforeTest()[pri:0, instance:com.itview.datadriven.DataDrivenTest@396e2f39]" name="beforeTest" is-config="true" duration-ms="40691" started-at="2023-01-15T09:45:58 IST" finished-at="2023-01-15T09:46:39 IST">
          <reporter-output>
          </reporter-output>
        </test-method> <!-- beforeTest -->
        <test-method status="PASS" signature="f()[pri:0, instance:com.itview.datadriven.DataDrivenTest@396e2f39]" name="f" duration-ms="23723" started-at="2023-01-15T09:46:39 IST" finished-at="2023-01-15T09:47:03 IST">
          <reporter-output>
          </reporter-output>
        </test-method> <!-- f -->
        <test-method status="PASS" signature="afterTest()[pri:0, instance:com.itview.datadriven.DataDrivenTest@396e2f39]" name="afterTest" is-config="true" duration-ms="3073" started-at="2023-01-15T09:47:03 IST" finished-at="2023-01-15T09:47:06 IST">
          <reporter-output>
          </reporter-output>
        </test-method> <!-- afterTest -->
      </class> <!-- com.itview.datadriven.DataDrivenTest -->
    </test> <!-- Default test -->
  </suite> <!-- Default suite -->
</testng-results>
